Using pre-set license
Built from '2020.3/staging' branch; Version is '2020.3.18f1 (a7d1c678663c) revision 10998214'; Using compiler version '192528614'; Build Type 'Release'
OS: 'Windows 10 Home; OS build 19042.1288; Version 2009; 64bit' Language: 'en' Physical Memory: 8112 MB
BatchMode: 1, IsHumanControllingUs: 0, StartBugReporterOnCrash: 0, Is64bit: 1, IsPro: 0

COMMAND LINE ARGUMENTS:
D:\unity\2020.3.18f1\Editor\Unity.exe
-adb2
-batchMode
-noUpm
-name
AssetImportWorker0
-projectPath
D:/source/repos/Challenge2-Animation/Challenge2
-logFile
Logs/AssetImportWorker0.log
-srvPort
59722
Successfully changed project path to: D:/source/repos/Challenge2-Animation/Challenge2
D:/source/repos/Challenge2-Animation/Challenge2
Using Asset Import Pipeline V2.
Refreshing native plugins compatible for Editor in 24.55 ms, found 2 plugins.
Preloading 0 native plugins for Editor in 0.00 ms.
Initialize engine version: 2020.3.18f1 (a7d1c678663c)
[Subsystems] Discovering subsystems at path D:/unity/2020.3.18f1/Editor/Data/Resources/UnitySubsystems
[Subsystems] Discovering subsystems at path D:/source/repos/Challenge2-Animation/Challenge2/Assets
GfxDevice: creating device client; threaded=0
Direct3D:
    Version:  Direct3D 11.0 [level 11.1]
    Renderer: NVIDIA GeForce GTX 1650 (ID=0x1f91)
    Vendor:   
    VRAM:     3962 MB
    Driver:   27.21.14.6230
Initialize mono
Mono path[0] = 'D:/unity/2020.3.18f1/Editor/Data/Managed'
Mono path[1] = 'D:/unity/2020.3.18f1/Editor/Data/MonoBleedingEdge/lib/mono/unityjit'
Mono config path = 'D:/unity/2020.3.18f1/Editor/Data/MonoBleedingEdge/etc'
Using monoOptions --debugger-agent=transport=dt_socket,embedding=1,server=y,suspend=n,address=127.0.0.1:56848
Begin MonoManager ReloadAssembly
Registering precompiled unity dll's ...
Register platform support module: D:/unity/2020.3.18f1/Editor/Data/PlaybackEngines/WindowsStandaloneSupport/UnityEditor.WindowsStandalone.Extensions.dll
Registered in 0.000783 seconds.
Native extension for WindowsStandalone target not found
Refreshing native plugins compatible for Editor in 24.04 ms, found 2 plugins.
Preloading 0 native plugins for Editor in 0.00 ms.
Mono: successfully reloaded assembly
- Completed reload, in  0.759 seconds
Domain Reload Profiling:
	ReloadAssembly (759ms)
		BeginReloadAssembly (41ms)
			ExecutionOrderSort (0ms)
			DisableScriptedObjects (0ms)
			BackupInstance (0ms)
			ReleaseScriptingObjects (0ms)
			CreateAndSetChildDomain (1ms)
		EndReloadAssembly (342ms)
			LoadAssemblies (40ms)
			RebuildTransferFunctionScriptingTraits (0ms)
			SetupTypeCache (132ms)
			ReleaseScriptCaches (0ms)
			RebuildScriptCaches (25ms)
			SetupLoadedEditorAssemblies (130ms)
				LogAssemblyErrors (0ms)
				InitializePlatformSupportModulesInManaged (3ms)
				SetLoadedEditorAssemblies (0ms)
				RefreshPlugins (24ms)
				BeforeProcessingInitializeOnLoad (16ms)
				ProcessInitializeOnLoadAttributes (64ms)
				ProcessInitializeOnLoadMethodAttributes (23ms)
				AfterProcessingInitializeOnLoad (0ms)
				EditorAssembliesLoaded (0ms)
			ExecutionOrderSort2 (0ms)
			AwakeInstancesAfterBackupRestoration (0ms)
Platform modules already initialized, skipping
Registering precompiled user dll's ...
Registered in 0.001349 seconds.
Begin MonoManager ReloadAssembly
Native extension for WindowsStandalone target not found
Refreshing native plugins compatible for Editor in 0.27 ms, found 2 plugins.
Preloading 0 native plugins for Editor in 0.00 ms.
Mono: successfully reloaded assembly
- Completed reload, in  0.878 seconds
Domain Reload Profiling:
	ReloadAssembly (879ms)
		BeginReloadAssembly (119ms)
			ExecutionOrderSort (0ms)
			DisableScriptedObjects (4ms)
			BackupInstance (0ms)
			ReleaseScriptingObjects (0ms)
			CreateAndSetChildDomain (15ms)
		EndReloadAssembly (710ms)
			LoadAssemblies (65ms)
			RebuildTransferFunctionScriptingTraits (0ms)
			SetupTypeCache (220ms)
			ReleaseScriptCaches (0ms)
			RebuildScriptCaches (34ms)
			SetupLoadedEditorAssemblies (310ms)
				LogAssemblyErrors (0ms)
				InitializePlatformSupportModulesInManaged (4ms)
				SetLoadedEditorAssemblies (0ms)
				RefreshPlugins (0ms)
				BeforeProcessingInitializeOnLoad (105ms)
				ProcessInitializeOnLoadAttributes (195ms)
				ProcessInitializeOnLoadMethodAttributes (4ms)
				AfterProcessingInitializeOnLoad (2ms)
				EditorAssembliesLoaded (0ms)
			ExecutionOrderSort2 (0ms)
			AwakeInstancesAfterBackupRestoration (5ms)
Platform modules already initialized, skipping
========================================================================
Worker process is ready to serve import requests
Launched and connected shader compiler UnityShaderCompiler.exe after 0.12 seconds
Refreshing native plugins compatible for Editor in 0.27 ms, found 2 plugins.
Preloading 0 native plugins for Editor in 0.00 ms.
Unloading 1397 Unused Serialized files (Serialized files now loaded: 0)
System memory in use before: 64.8 MB.
System memory in use after: 64.9 MB.

Unloading 16 unused Assets to reduce memory usage. Loaded Objects now: 1832.
Total: 2.769300 ms (FindLiveObjects: 0.155200 ms CreateObjectMapping: 0.040300 ms MarkObjects: 2.487400 ms  DeleteObjects: 0.085500 ms)

AssetImportParameters requested are different than current active one (requested -> active):
  custom:framework-win-MediaFoundation: 216162199b28c13a410421893ffa2e32 -> 
  custom:video-decoder-ogg-theora: a1e56fd34408186e4bbccfd4996cb3dc -> 
  custom:container-muxer-webm: aa71ff27fc2769a1b78a27578f13a17b -> 
  custom:container-demuxer-webm: 4f35f7cbe854078d1ac9338744f61a02 -> 
  custom:container-demuxer-ogg: 62fdf1f143b41e24485cea50d1cbac27 -> 
  custom:video-encoder-webm-vp8: eb34c28f22e8b96e1ab97ce403110664 -> 
  custom:video-codec-MediaFoundation-h265: 746d11721c4dcdbdad8f713fa42b33f4 -> 
  custom:video-decoder-webm-vp8: 9c59270c3fd7afecdb556c50c9e8de78 -> 
  custom:audio-decoder-ogg-vorbis: bf7c407c2cedff20999df2af8eb42d56 -> 
  custom:audio-encoder-webm-vorbis: bf7c407c2cedff20999df2af8eb42d56 -> 
========================================================================
Received Import Request.
  path: Assets/Wolf-Blender-2.82a.fbx
  artifactKey: Guid(53f2c6fae71a86a43980943caff818eb) Importer(815301076,1909f56bfc062723c751e8b465ee728b)
Start importing Assets/Wolf-Blender-2.82a.fbx using Guid(53f2c6fae71a86a43980943caff818eb) Importer(815301076,1909f56bfc062723c751e8b465ee728b)  -> (artifact id: 'a048488ef730c5c296ddd2e2ddb5943d') in 0.857532 seconds 
  Import took 0.862354 seconds .

========================================================================
Received Import Request.
  Time since last request: 252.411105 seconds.
  path: Assets/Scripts
  artifactKey: Guid(36873a57cdd613f43b1554a1e7a78a5d) Importer(815301076,1909f56bfc062723c751e8b465ee728b)
Start importing Assets/Scripts using Guid(36873a57cdd613f43b1554a1e7a78a5d) Importer(815301076,1909f56bfc062723c751e8b465ee728b)  -> (artifact id: '2e3a5aacdd6b4ef35c0a800e5e2b8527') in 0.007289 seconds 
  Import took 0.009991 seconds .

========================================================================
Received Import Request.
  Time since last request: 0.000572 seconds.
  path: Assets/Scripts
  artifactKey: Guid(36873a57cdd613f43b1554a1e7a78a5d) Importer(815301076,1909f56bfc062723c751e8b465ee728b)
Start importing Assets/Scripts using Guid(36873a57cdd613f43b1554a1e7a78a5d) Importer(815301076,1909f56bfc062723c751e8b465ee728b)  -> (artifact id: '2e3a5aacdd6b4ef35c0a800e5e2b8527') in 0.987970 seconds 
  Import took 0.992615 seconds .

========================================================================
Received Import Request.
  Time since last request: 9.636397 seconds.
  path: Assets/Scripts/DyingBehaviour.cs
  artifactKey: Guid(d703be8fd280be64384e918fb7c316ad) Importer(815301076,1909f56bfc062723c751e8b465ee728b)
Start importing Assets/Scripts/DyingBehaviour.cs using Guid(d703be8fd280be64384e918fb7c316ad) Importer(815301076,1909f56bfc062723c751e8b465ee728b)  -> (artifact id: 'c648fabc13ab6a32b94ccc7917b763a0') in 0.017343 seconds 
  Import took 0.019506 seconds .

========================================================================
Received Import Request.
  Time since last request: 0.000327 seconds.
  path: Assets/Scripts/DyingBehaviour.cs
  artifactKey: Guid(d703be8fd280be64384e918fb7c316ad) Importer(815301076,1909f56bfc062723c751e8b465ee728b)
Start importing Assets/Scripts/DyingBehaviour.cs using Guid(d703be8fd280be64384e918fb7c316ad) Importer(815301076,1909f56bfc062723c751e8b465ee728b)  -> (artifact id: 'c648fabc13ab6a32b94ccc7917b763a0') in 0.001736 seconds 
  Import took 0.003833 seconds .

========================================================================
Received Prepare
Registering precompiled user dll's ...
Registered in 0.001673 seconds.
Begin MonoManager ReloadAssembly
Native extension for WindowsStandalone target not found
Refreshing native plugins compatible for Editor in 0.28 ms, found 2 plugins.
Preloading 0 native plugins for Editor in 0.00 ms.
Mono: successfully reloaded assembly
- Completed reload, in  0.808 seconds
Domain Reload Profiling:
	ReloadAssembly (808ms)
		BeginReloadAssembly (100ms)
			ExecutionOrderSort (0ms)
			DisableScriptedObjects (3ms)
			BackupInstance (0ms)
			ReleaseScriptingObjects (0ms)
			CreateAndSetChildDomain (28ms)
		EndReloadAssembly (657ms)
			LoadAssemblies (68ms)
			RebuildTransferFunctionScriptingTraits (0ms)
			SetupTypeCache (238ms)
			ReleaseScriptCaches (1ms)
			RebuildScriptCaches (36ms)
			SetupLoadedEditorAssemblies (229ms)
				LogAssemblyErrors (0ms)
				InitializePlatformSupportModulesInManaged (5ms)
				SetLoadedEditorAssemblies (1ms)
				RefreshPlugins (0ms)
				BeforeProcessingInitializeOnLoad (62ms)
				ProcessInitializeOnLoadAttributes (156ms)
				ProcessInitializeOnLoadMethodAttributes (3ms)
				AfterProcessingInitializeOnLoad (2ms)
				EditorAssembliesLoaded (0ms)
			ExecutionOrderSort2 (0ms)
			AwakeInstancesAfterBackupRestoration (5ms)
Platform modules already initialized, skipping
Refreshing native plugins compatible for Editor in 0.23 ms, found 2 plugins.
Preloading 0 native plugins for Editor in 0.00 ms.
Unloading 1393 Unused Serialized files (Serialized files now loaded: 0)
System memory in use before: 81.9 MB.
System memory in use after: 82.0 MB.

Unloading 11 unused Assets to reduce memory usage. Loaded Objects now: 1879.
Total: 105.772700 ms (FindLiveObjects: 0.117700 ms CreateObjectMapping: 0.035700 ms MarkObjects: 105.564500 ms  DeleteObjects: 0.051800 ms)

AssetImportParameters requested are different than current active one (requested -> active):
  custom:framework-win-MediaFoundation: 216162199b28c13a410421893ffa2e32 -> 
  custom:video-decoder-ogg-theora: a1e56fd34408186e4bbccfd4996cb3dc -> 
  custom:container-muxer-webm: aa71ff27fc2769a1b78a27578f13a17b -> 
  custom:container-demuxer-webm: 4f35f7cbe854078d1ac9338744f61a02 -> 
  custom:container-demuxer-ogg: 62fdf1f143b41e24485cea50d1cbac27 -> 
  custom:video-encoder-webm-vp8: eb34c28f22e8b96e1ab97ce403110664 -> 
  custom:video-codec-MediaFoundation-h265: 746d11721c4dcdbdad8f713fa42b33f4 -> 
  custom:video-decoder-webm-vp8: 9c59270c3fd7afecdb556c50c9e8de78 -> 
  custom:audio-decoder-ogg-vorbis: bf7c407c2cedff20999df2af8eb42d56 -> 
  custom:audio-encoder-webm-vorbis: bf7c407c2cedff20999df2af8eb42d56 -> 
========================================================================
Received Import Request.
  Time since last request: 552.978368 seconds.
  path: Assets/Scripts/SteeringBehaviour.cs
  artifactKey: Guid(6f499484297486f4f9a42ad998b5d97e) Importer(815301076,1909f56bfc062723c751e8b465ee728b)
Start importing Assets/Scripts/SteeringBehaviour.cs using Guid(6f499484297486f4f9a42ad998b5d97e) Importer(815301076,1909f56bfc062723c751e8b465ee728b)  -> (artifact id: '0d9d9a802ae9089537ba6c21b7c72c2b') in 0.042910 seconds 
  Import took 0.047704 seconds .

========================================================================
Received Import Request.
  Time since last request: 0.004576 seconds.
  path: Assets/Scripts/SteeringBehaviour.cs
  artifactKey: Guid(6f499484297486f4f9a42ad998b5d97e) Importer(815301076,1909f56bfc062723c751e8b465ee728b)
Start importing Assets/Scripts/SteeringBehaviour.cs using Guid(6f499484297486f4f9a42ad998b5d97e) Importer(815301076,1909f56bfc062723c751e8b465ee728b)  -> (artifact id: '0d9d9a802ae9089537ba6c21b7c72c2b') in 0.001881 seconds 
  Import took 0.004814 seconds .

========================================================================
Received Import Request.
  Time since last request: 373.482878 seconds.
  path: Assets/Scripts/DyingBehaviour.cs
  artifactKey: Guid(d703be8fd280be64384e918fb7c316ad) Importer(815301076,1909f56bfc062723c751e8b465ee728b)
Start importing Assets/Scripts/DyingBehaviour.cs using Guid(d703be8fd280be64384e918fb7c316ad) Importer(815301076,1909f56bfc062723c751e8b465ee728b)  -> (artifact id: 'c708b0ddbfc0e8e939dee987a3d156ce') in 0.002181 seconds 
  Import took 0.005485 seconds .

========================================================================
Received Prepare
Registering precompiled user dll's ...
Registered in 0.003391 seconds.
Begin MonoManager ReloadAssembly
Native extension for WindowsStandalone target not found
Refreshing native plugins compatible for Editor in 0.39 ms, found 2 plugins.
Preloading 0 native plugins for Editor in 0.00 ms.
Mono: successfully reloaded assembly
- Completed reload, in  1.221 seconds
Domain Reload Profiling:
	ReloadAssembly (1222ms)
		BeginReloadAssembly (128ms)
			ExecutionOrderSort (0ms)
			DisableScriptedObjects (6ms)
			BackupInstance (0ms)
			ReleaseScriptingObjects (0ms)
			CreateAndSetChildDomain (40ms)
		EndReloadAssembly (1017ms)
			LoadAssemblies (108ms)
			RebuildTransferFunctionScriptingTraits (0ms)
			SetupTypeCache (351ms)
			ReleaseScriptCaches (1ms)
			RebuildScriptCaches (54ms)
			SetupLoadedEditorAssemblies (367ms)
				LogAssemblyErrors (0ms)
				InitializePlatformSupportModulesInManaged (7ms)
				SetLoadedEditorAssemblies (1ms)
				RefreshPlugins (0ms)
				BeforeProcessingInitializeOnLoad (96ms)
				ProcessInitializeOnLoadAttributes (253ms)
				ProcessInitializeOnLoadMethodAttributes (6ms)
				AfterProcessingInitializeOnLoad (3ms)
				EditorAssembliesLoaded (0ms)
			ExecutionOrderSort2 (0ms)
			AwakeInstancesAfterBackupRestoration (9ms)
Platform modules already initialized, skipping
Refreshing native plugins compatible for Editor in 0.46 ms, found 2 plugins.
Preloading 0 native plugins for Editor in 0.00 ms.
Unloading 1393 Unused Serialized files (Serialized files now loaded: 0)
System memory in use before: 81.9 MB.
System memory in use after: 82.0 MB.

Unloading 11 unused Assets to reduce memory usage. Loaded Objects now: 1881.
Total: 3.542500 ms (FindLiveObjects: 0.177800 ms CreateObjectMapping: 0.053900 ms MarkObjects: 3.291100 ms  DeleteObjects: 0.018600 ms)

AssetImportParameters requested are different than current active one (requested -> active):
  custom:framework-win-MediaFoundation: 216162199b28c13a410421893ffa2e32 -> 
  custom:video-decoder-ogg-theora: a1e56fd34408186e4bbccfd4996cb3dc -> 
  custom:container-muxer-webm: aa71ff27fc2769a1b78a27578f13a17b -> 
  custom:container-demuxer-webm: 4f35f7cbe854078d1ac9338744f61a02 -> 
  custom:container-demuxer-ogg: 62fdf1f143b41e24485cea50d1cbac27 -> 
  custom:video-encoder-webm-vp8: eb34c28f22e8b96e1ab97ce403110664 -> 
  custom:video-codec-MediaFoundation-h265: 746d11721c4dcdbdad8f713fa42b33f4 -> 
  custom:video-decoder-webm-vp8: 9c59270c3fd7afecdb556c50c9e8de78 -> 
  custom:audio-decoder-ogg-vorbis: bf7c407c2cedff20999df2af8eb42d56 -> 
  custom:audio-encoder-webm-vorbis: bf7c407c2cedff20999df2af8eb42d56 -> 
========================================================================
Received Import Request.
  Time since last request: 341.224491 seconds.
  path: Assets
  artifactKey: Guid(00000000000000001000000000000000) Importer(815301076,1909f56bfc062723c751e8b465ee728b)
Start importing Assets using Guid(00000000000000001000000000000000) Importer(815301076,1909f56bfc062723c751e8b465ee728b)  -> (artifact id: '42d402b061de3733987d63b9cc3b64de') in 0.009362 seconds 
  Import took 0.011911 seconds .

========================================================================
Received Import Request.
  Time since last request: 0.000503 seconds.
  path: Assets
  artifactKey: Guid(00000000000000001000000000000000) Importer(815301076,1909f56bfc062723c751e8b465ee728b)
Start importing Assets using Guid(00000000000000001000000000000000) Importer(815301076,1909f56bfc062723c751e8b465ee728b)  -> (artifact id: '42d402b061de3733987d63b9cc3b64de') in 0.001583 seconds 
  Import took 0.003960 seconds .

========================================================================
Received Import Request.
  Time since last request: 7.145691 seconds.
  path: Assets/Materials
  artifactKey: Guid(7fa40b45ee69d784ab599952d848fed7) Importer(815301076,1909f56bfc062723c751e8b465ee728b)
Start importing Assets/Materials using Guid(7fa40b45ee69d784ab599952d848fed7) Importer(815301076,1909f56bfc062723c751e8b465ee728b)  -> (artifact id: 'fec8e5b66dbc7c693cae03ca5db095e9') in 0.006641 seconds 
  Import took 0.009013 seconds .

========================================================================
Received Import Request.
  Time since last request: 10.816081 seconds.
  path: Assets/Materials/wolf_body.mat
  artifactKey: Guid(42142335f7221f14cb12ef92929f9e98) Importer(815301076,1909f56bfc062723c751e8b465ee728b)
Start importing Assets/Materials/wolf_body.mat using Guid(42142335f7221f14cb12ef92929f9e98) Importer(815301076,1909f56bfc062723c751e8b465ee728b)  -> (artifact id: '31691221f1bdcad43d958fc08dca6a23') in 0.120403 seconds 
  Import took 0.122850 seconds .

========================================================================
Received Import Request.
  Time since last request: 18.141469 seconds.
  path: Assets/Textures
  artifactKey: Guid(267b27bb09a00c94a943ac024712dcdf) Importer(815301076,1909f56bfc062723c751e8b465ee728b)
Start importing Assets/Textures using Guid(267b27bb09a00c94a943ac024712dcdf) Importer(815301076,1909f56bfc062723c751e8b465ee728b)  -> (artifact id: 'ec2ef280d4446a5dfdf758b033d75060') in 0.005781 seconds 
  Import took 0.008045 seconds .

========================================================================
Received Import Request.
  Time since last request: 7.414703 seconds.
  path: Assets/Textures/Wolf_Body.jpg
  artifactKey: Guid(ad293ed5913885649b23086f1eb9492e) Importer(815301076,1909f56bfc062723c751e8b465ee728b)
Start importing Assets/Textures/Wolf_Body.jpg using Guid(ad293ed5913885649b23086f1eb9492e) Importer(815301076,1909f56bfc062723c751e8b465ee728b)  -> (artifact id: '18179b565eca5bab2e6b4fd5b2b0d40e') in 0.111250 seconds 
  Import took 0.113467 seconds .

========================================================================
Received Import Request.
  Time since last request: 0.000291 seconds.
  path: Assets/Textures/Wolf_Eyes_2.jpg
  artifactKey: Guid(79427f2a7c090574eb3f318589ab05ae) Importer(815301076,1909f56bfc062723c751e8b465ee728b)
Start importing Assets/Textures/Wolf_Eyes_2.jpg using Guid(79427f2a7c090574eb3f318589ab05ae) Importer(815301076,1909f56bfc062723c751e8b465ee728b)  -> (artifact id: '112b83aaabe70d113efe1f2db6f43291') in 0.013069 seconds 
  Import took 0.015147 seconds .

========================================================================
Received Import Request.
  Time since last request: 0.000221 seconds.
  path: Assets/Textures/Wolf_Fur.jpg
  artifactKey: Guid(426ce48274a69ca4b94803d77b97d767) Importer(815301076,1909f56bfc062723c751e8b465ee728b)
Start importing Assets/Textures/Wolf_Fur.jpg using Guid(426ce48274a69ca4b94803d77b97d767) Importer(815301076,1909f56bfc062723c751e8b465ee728b)  -> (artifact id: '552ee7672f91f3c3a1d2c60822f0df8e') in 0.011732 seconds 
  Import took 0.013788 seconds .

========================================================================
Received Import Request.
  Time since last request: 0.000316 seconds.
  path: Assets/Textures/Wolf_Eyes_1.jpg
  artifactKey: Guid(12705ea65da01e040ac19c50be1a0de9) Importer(815301076,1909f56bfc062723c751e8b465ee728b)
Start importing Assets/Textures/Wolf_Eyes_1.jpg using Guid(12705ea65da01e040ac19c50be1a0de9) Importer(815301076,1909f56bfc062723c751e8b465ee728b)  -> (artifact id: '61de43b183a027022ff2853e04fd37b8') in 0.016747 seconds 
  Import took 0.019002 seconds .

========================================================================
Received Import Request.
  Time since last request: 16.605922 seconds.
  path: Assets/Materials/wolf_eye.mat
  artifactKey: Guid(f0013c32344e66347a5c49937e1309d3) Importer(815301076,1909f56bfc062723c751e8b465ee728b)
Start importing Assets/Materials/wolf_eye.mat using Guid(f0013c32344e66347a5c49937e1309d3) Importer(815301076,1909f56bfc062723c751e8b465ee728b)  -> (artifact id: '62943e3509997d0e2c9fac6e98ead572') in 0.029412 seconds 
  Import took 0.031650 seconds .

========================================================================
Received Import Request.
  Time since last request: 12.712944 seconds.
  path: Assets/Materials/wolf_eye2.mat
  artifactKey: Guid(2ae9de6f25035b04c93adb6834dc090f) Importer(815301076,1909f56bfc062723c751e8b465ee728b)
Start importing Assets/Materials/wolf_eye2.mat using Guid(2ae9de6f25035b04c93adb6834dc090f) Importer(815301076,1909f56bfc062723c751e8b465ee728b)  -> (artifact id: '9291fefe40265b7d240560b0319f2e49') in 0.015233 seconds 
  Import took 0.017421 seconds .

========================================================================
Received Import Request.
  Time since last request: 9.152155 seconds.
  path: Assets/Materials/wolf_fur.mat
  artifactKey: Guid(921bb7711a7ad2947818bdf7499059d5) Importer(815301076,1909f56bfc062723c751e8b465ee728b)
Start importing Assets/Materials/wolf_fur.mat using Guid(921bb7711a7ad2947818bdf7499059d5) Importer(815301076,1909f56bfc062723c751e8b465ee728b)  -> (artifact id: '55563eebc665d4aaea31869c4c20d1cb') in 0.019176 seconds 
  Import took 0.021635 seconds .

========================================================================
Received Import Request.
  Time since last request: 57.779370 seconds.
  path: Assets/Wolf-Blender-2.mat
  artifactKey: Guid(e52e9f37bc6320f4199cae824ea12414) Importer(815301076,1909f56bfc062723c751e8b465ee728b)
Start importing Assets/Wolf-Blender-2.mat using Guid(e52e9f37bc6320f4199cae824ea12414) Importer(815301076,1909f56bfc062723c751e8b465ee728b)  -> (artifact id: 'f9187bcb74b8b1ae270335fcebeb9570') in 0.013063 seconds 
  Import took 0.015771 seconds .

========================================================================
Received Import Request.
  Time since last request: 0.005840 seconds.
  path: Assets/Wolf-Blender-2.mat
  artifactKey: Guid(e52e9f37bc6320f4199cae824ea12414) Importer(815301076,1909f56bfc062723c751e8b465ee728b)
Start importing Assets/Wolf-Blender-2.mat using Guid(e52e9f37bc6320f4199cae824ea12414) Importer(815301076,1909f56bfc062723c751e8b465ee728b)  -> (artifact id: 'f9187bcb74b8b1ae270335fcebeb9570') in 0.020176 seconds 
  Import took 0.023045 seconds .

========================================================================
Received Import Request.
  Time since last request: 190.686241 seconds.
  path: Assets/Wolf-Blender-2.82a.fbx
  artifactKey: Guid(53f2c6fae71a86a43980943caff818eb) Importer(815301076,1909f56bfc062723c751e8b465ee728b)
Start importing Assets/Wolf-Blender-2.82a.fbx using Guid(53f2c6fae71a86a43980943caff818eb) Importer(815301076,1909f56bfc062723c751e8b465ee728b)  -> (artifact id: '3ccd281df138ceb892843a3ed8fc6858') in 0.113287 seconds 
  Import took 0.117067 seconds .

========================================================================
Received Import Request.
  Time since last request: 38.204600 seconds.
  path: Assets/Wolf-Blender-2.82a.fbx
  artifactKey: Guid(53f2c6fae71a86a43980943caff818eb) Importer(815301076,1909f56bfc062723c751e8b465ee728b)
Start importing Assets/Wolf-Blender-2.82a.fbx using Guid(53f2c6fae71a86a43980943caff818eb) Importer(815301076,1909f56bfc062723c751e8b465ee728b)  -> (artifact id: '1f430ea9452288231a1e952e711ada5c') in 0.007599 seconds 
  Import took 0.010199 seconds .

========================================================================
Received Import Request.
  Time since last request: 64.905525 seconds.
  path: Assets/Wolf-Blender-2.82a.fbx
  artifactKey: Guid(53f2c6fae71a86a43980943caff818eb) Importer(815301076,1909f56bfc062723c751e8b465ee728b)
Start importing Assets/Wolf-Blender-2.82a.fbx using Guid(53f2c6fae71a86a43980943caff818eb) Importer(815301076,1909f56bfc062723c751e8b465ee728b)  -> (artifact id: '5414a926eee3c730c37edf2320bd4393') in 0.071934 seconds 
  Import took 0.075016 seconds .

========================================================================
Received Import Request.
  Time since last request: 49.084324 seconds.
  path: Assets/wolf.fbx
  artifactKey: Guid(3a9c3d83c56047b4a8c5885beff2a2e3) Importer(815301076,1909f56bfc062723c751e8b465ee728b)
Start importing Assets/wolf.fbx using Guid(3a9c3d83c56047b4a8c5885beff2a2e3) Importer(815301076,1909f56bfc062723c751e8b465ee728b)  -> (artifact id: '6ad639899725e3a52369e870e9a4b5c3') in 0.068251 seconds 
  Import took 0.071129 seconds .

========================================================================
Received Import Request.
  Time since last request: 41.184967 seconds.
  path: Assets/wolfOBJ.obj
  artifactKey: Guid(9e256b5f6c0bc234680627084185e63e) Importer(815301076,1909f56bfc062723c751e8b465ee728b)
Start importing Assets/wolfOBJ.obj using Guid(9e256b5f6c0bc234680627084185e63e) Importer(815301076,1909f56bfc062723c751e8b465ee728b)  -> (artifact id: 'e22536a8f39b3b934ec2a0b032e53e1a') in 0.040828 seconds 
  Import took 0.043084 seconds .

========================================================================
Received Import Request.
  Time since last request: 99.038077 seconds.
  path: Assets/Textures/eyes_diffuse_jpeg.jpg
  artifactKey: Guid(40e9a1f69ddb5984b96567242f568223) Importer(815301076,1909f56bfc062723c751e8b465ee728b)
Start importing Assets/Textures/eyes_diffuse_jpeg.jpg using Guid(40e9a1f69ddb5984b96567242f568223) Importer(815301076,1909f56bfc062723c751e8b465ee728b)  -> (artifact id: '9f38b2c5780a3ca975e6f9eb36a3a592') in 0.022084 seconds 
  Import took 0.024357 seconds .

========================================================================
Received Import Request.
  Time since last request: 0.000278 seconds.
  path: Assets/Textures/Fur_Col_20-Fur_Alpha_3_png.png
  artifactKey: Guid(524f17917b128804982e570d789d80f1) Importer(815301076,1909f56bfc062723c751e8b465ee728b)
Start importing Assets/Textures/Fur_Col_20-Fur_Alpha_3_png.png using Guid(524f17917b128804982e570d789d80f1) Importer(815301076,1909f56bfc062723c751e8b465ee728b)  -> (artifact id: '2a63a0240de92c0d4ae8e85196f2169f') in 0.028671 seconds 
  Import took 0.030725 seconds .

========================================================================
Received Import Request.
  Time since last request: 0.000258 seconds.
  path: Assets/Textures/Material__wolf_col_tga_diffuse_jpeg.jpg
  artifactKey: Guid(425cf2b61674b974fb292d6ad9b89e21) Importer(815301076,1909f56bfc062723c751e8b465ee728b)
Start importing Assets/Textures/Material__wolf_col_tga_diffuse_jpeg.jpg using Guid(425cf2b61674b974fb292d6ad9b89e21) Importer(815301076,1909f56bfc062723c751e8b465ee728b)  -> (artifact id: '76808c2912333a193d4b5bf05d0d39b5') in 0.011274 seconds 
  Import took 0.013256 seconds .

========================================================================
Received Import Request.
  Time since last request: 0.001146 seconds.
  path: Assets/Textures/Material__wolf_col_tga_diffuse_jpeg.jpg
  artifactKey: Guid(425cf2b61674b974fb292d6ad9b89e21) Importer(815301076,1909f56bfc062723c751e8b465ee728b)
Start importing Assets/Textures/Material__wolf_col_tga_diffuse_jpeg.jpg using Guid(425cf2b61674b974fb292d6ad9b89e21) Importer(815301076,1909f56bfc062723c751e8b465ee728b)  -> (artifact id: '76808c2912333a193d4b5bf05d0d39b5') in 0.010865 seconds 
  Import took 0.013452 seconds .

========================================================================
Received Import Request.
  Time since last request: 262.704040 seconds.
  path: Assets/Scripts/DyingBehaviour.cs
  artifactKey: Guid(d703be8fd280be64384e918fb7c316ad) Importer(815301076,1909f56bfc062723c751e8b465ee728b)
Start importing Assets/Scripts/DyingBehaviour.cs using Guid(d703be8fd280be64384e918fb7c316ad) Importer(815301076,1909f56bfc062723c751e8b465ee728b)  -> (artifact id: '6afe8e9904115f4c450ef1df6d2fcc5c') in 0.001705 seconds 
  Import took 0.004364 seconds .

========================================================================
Received Prepare
Registering precompiled user dll's ...
Registered in 0.002676 seconds.
Begin MonoManager ReloadAssembly
Native extension for WindowsStandalone target not found
Refreshing native plugins compatible for Editor in 0.38 ms, found 2 plugins.
Preloading 0 native plugins for Editor in 0.00 ms.
Mono: successfully reloaded assembly
- Completed reload, in  0.804 seconds
Domain Reload Profiling:
	ReloadAssembly (805ms)
		BeginReloadAssembly (98ms)
			ExecutionOrderSort (0ms)
			DisableScriptedObjects (3ms)
			BackupInstance (0ms)
			ReleaseScriptingObjects (0ms)
			CreateAndSetChildDomain (33ms)
		EndReloadAssembly (660ms)
			LoadAssemblies (65ms)
			RebuildTransferFunctionScriptingTraits (0ms)
			SetupTypeCache (227ms)
			ReleaseScriptCaches (1ms)
			RebuildScriptCaches (35ms)
			SetupLoadedEditorAssemblies (231ms)
				LogAssemblyErrors (0ms)
				InitializePlatformSupportModulesInManaged (4ms)
				SetLoadedEditorAssemblies (0ms)
				RefreshPlugins (0ms)
				BeforeProcessingInitializeOnLoad (61ms)
				ProcessInitializeOnLoadAttributes (159ms)
				ProcessInitializeOnLoadMethodAttributes (4ms)
				AfterProcessingInitializeOnLoad (2ms)
				EditorAssembliesLoaded (0ms)
			ExecutionOrderSort2 (0ms)
			AwakeInstancesAfterBackupRestoration (6ms)
Platform modules already initialized, skipping
Refreshing native plugins compatible for Editor in 0.62 ms, found 2 plugins.
Preloading 0 native plugins for Editor in 0.00 ms.
Unloading 1393 Unused Serialized files (Serialized files now loaded: 0)
System memory in use before: 82.0 MB.
System memory in use after: 82.1 MB.

Unloading 11 unused Assets to reduce memory usage. Loaded Objects now: 1886.
Total: 4.390000 ms (FindLiveObjects: 0.205500 ms CreateObjectMapping: 0.062600 ms MarkObjects: 4.096000 ms  DeleteObjects: 0.024600 ms)

AssetImportParameters requested are different than current active one (requested -> active):
  custom:framework-win-MediaFoundation: 216162199b28c13a410421893ffa2e32 -> 
  custom:video-decoder-ogg-theora: a1e56fd34408186e4bbccfd4996cb3dc -> 
  custom:container-muxer-webm: aa71ff27fc2769a1b78a27578f13a17b -> 
  custom:container-demuxer-webm: 4f35f7cbe854078d1ac9338744f61a02 -> 
  custom:container-demuxer-ogg: 62fdf1f143b41e24485cea50d1cbac27 -> 
  custom:video-encoder-webm-vp8: eb34c28f22e8b96e1ab97ce403110664 -> 
  custom:video-codec-MediaFoundation-h265: 746d11721c4dcdbdad8f713fa42b33f4 -> 
  custom:video-decoder-webm-vp8: 9c59270c3fd7afecdb556c50c9e8de78 -> 
  custom:audio-decoder-ogg-vorbis: bf7c407c2cedff20999df2af8eb42d56 -> 
  custom:audio-encoder-webm-vorbis: bf7c407c2cedff20999df2af8eb42d56 -> 
========================================================================
Received Import Request.
  Time since last request: 788.597909 seconds.
  path: Assets/Scripts/DyingBehaviour.cs
  artifactKey: Guid(d703be8fd280be64384e918fb7c316ad) Importer(815301076,1909f56bfc062723c751e8b465ee728b)
Start importing Assets/Scripts/DyingBehaviour.cs using Guid(d703be8fd280be64384e918fb7c316ad) Importer(815301076,1909f56bfc062723c751e8b465ee728b)  -> (artifact id: 'c14e7288a9b705b8901097e0afcb129d') in 0.013175 seconds 
  Import took 0.015851 seconds .

========================================================================
Received Import Request.
  Time since last request: 0.000543 seconds.
  path: Assets/Scripts/DyingBehaviour.cs
  artifactKey: Guid(d703be8fd280be64384e918fb7c316ad) Importer(815301076,1909f56bfc062723c751e8b465ee728b)
Start importing Assets/Scripts/DyingBehaviour.cs using Guid(d703be8fd280be64384e918fb7c316ad) Importer(815301076,1909f56bfc062723c751e8b465ee728b)  -> (artifact id: 'c14e7288a9b705b8901097e0afcb129d') in 0.001631 seconds 
  Import took 0.003637 seconds .

========================================================================
Received Prepare
Registering precompiled user dll's ...
Registered in 0.002499 seconds.
Begin MonoManager ReloadAssembly
Native extension for WindowsStandalone target not found
Refreshing native plugins compatible for Editor in 0.28 ms, found 2 plugins.
Preloading 0 native plugins for Editor in 0.00 ms.
Mono: successfully reloaded assembly
- Completed reload, in  0.827 seconds
Domain Reload Profiling:
	ReloadAssembly (827ms)
		BeginReloadAssembly (93ms)
			ExecutionOrderSort (0ms)
			DisableScriptedObjects (4ms)
			BackupInstance (0ms)
			ReleaseScriptingObjects (0ms)
			CreateAndSetChildDomain (28ms)
		EndReloadAssembly (681ms)
			LoadAssemblies (68ms)
			RebuildTransferFunctionScriptingTraits (0ms)
			SetupTypeCache (238ms)
			ReleaseScriptCaches (1ms)
			RebuildScriptCaches (40ms)
			SetupLoadedEditorAssemblies (242ms)
				LogAssemblyErrors (0ms)
				InitializePlatformSupportModulesInManaged (5ms)
				SetLoadedEditorAssemblies (0ms)
				RefreshPlugins (0ms)
				BeforeProcessingInitializeOnLoad (66ms)
				ProcessInitializeOnLoadAttributes (165ms)
				ProcessInitializeOnLoadMethodAttributes (4ms)
				AfterProcessingInitializeOnLoad (2ms)
				EditorAssembliesLoaded (0ms)
			ExecutionOrderSort2 (0ms)
			AwakeInstancesAfterBackupRestoration (6ms)
Platform modules already initialized, skipping
Refreshing native plugins compatible for Editor in 0.29 ms, found 2 plugins.
Preloading 0 native plugins for Editor in 0.00 ms.
Unloading 1393 Unused Serialized files (Serialized files now loaded: 0)
System memory in use before: 82.0 MB.
System memory in use after: 82.1 MB.

Unloading 11 unused Assets to reduce memory usage. Loaded Objects now: 1888.
Total: 17.455500 ms (FindLiveObjects: 0.143400 ms CreateObjectMapping: 0.035200 ms MarkObjects: 17.258200 ms  DeleteObjects: 0.018000 ms)

AssetImportParameters requested are different than current active one (requested -> active):
  custom:framework-win-MediaFoundation: 216162199b28c13a410421893ffa2e32 -> 
  custom:video-decoder-ogg-theora: a1e56fd34408186e4bbccfd4996cb3dc -> 
  custom:container-muxer-webm: aa71ff27fc2769a1b78a27578f13a17b -> 
  custom:container-demuxer-webm: 4f35f7cbe854078d1ac9338744f61a02 -> 
  custom:container-demuxer-ogg: 62fdf1f143b41e24485cea50d1cbac27 -> 
  custom:video-encoder-webm-vp8: eb34c28f22e8b96e1ab97ce403110664 -> 
  custom:video-codec-MediaFoundation-h265: 746d11721c4dcdbdad8f713fa42b33f4 -> 
  custom:video-decoder-webm-vp8: 9c59270c3fd7afecdb556c50c9e8de78 -> 
  custom:audio-decoder-ogg-vorbis: bf7c407c2cedff20999df2af8eb42d56 -> 
  custom:audio-encoder-webm-vorbis: bf7c407c2cedff20999df2af8eb42d56 -> 
========================================================================
Received Import Request.
  Time since last request: 26.127011 seconds.
  path: Assets/Materials/wolf_body.mat
  artifactKey: Guid(42142335f7221f14cb12ef92929f9e98) Importer(815301076,1909f56bfc062723c751e8b465ee728b)
Start importing Assets/Materials/wolf_body.mat using Guid(42142335f7221f14cb12ef92929f9e98) Importer(815301076,1909f56bfc062723c751e8b465ee728b)  -> (artifact id: '68705703c5e3d5b03c52c01a173e6ed5') in 0.121987 seconds 
  Import took 0.124681 seconds .

========================================================================
Received Import Request.
  Time since last request: 0.000255 seconds.
  path: Assets/Materials/wolf_fur.mat
  artifactKey: Guid(921bb7711a7ad2947818bdf7499059d5) Importer(815301076,1909f56bfc062723c751e8b465ee728b)
Start importing Assets/Materials/wolf_fur.mat using Guid(921bb7711a7ad2947818bdf7499059d5) Importer(815301076,1909f56bfc062723c751e8b465ee728b)  -> (artifact id: '255bf6336872acdae1b1599e352895df') in 0.162958 seconds 
  Import took 0.164984 seconds .

========================================================================
Received Import Request.
  Time since last request: 0.000296 seconds.
  path: Assets/Materials/wolf_eye2.mat
  artifactKey: Guid(2ae9de6f25035b04c93adb6834dc090f) Importer(815301076,1909f56bfc062723c751e8b465ee728b)
Start importing Assets/Materials/wolf_eye2.mat using Guid(2ae9de6f25035b04c93adb6834dc090f) Importer(815301076,1909f56bfc062723c751e8b465ee728b)  -> (artifact id: '64f1ecd2953fb933ba06a0091cbebb48') in 0.038800 seconds 
  Import took 0.041532 seconds .

========================================================================
Received Import Request.
  Time since last request: 0.000330 seconds.
  path: Assets/Materials/wolf_eye.mat
  artifactKey: Guid(f0013c32344e66347a5c49937e1309d3) Importer(815301076,1909f56bfc062723c751e8b465ee728b)
Start importing Assets/Materials/wolf_eye.mat using Guid(f0013c32344e66347a5c49937e1309d3) Importer(815301076,1909f56bfc062723c751e8b465ee728b)  -> (artifact id: '72e93259beb6a58e2ef5ae99c066564c') in 0.029593 seconds 
  Import took 0.032121 seconds .

========================================================================
Received Prepare
Registering precompiled user dll's ...
Registered in 0.001479 seconds.
Begin MonoManager ReloadAssembly
Native extension for WindowsStandalone target not found
Refreshing native plugins compatible for Editor in 0.27 ms, found 2 plugins.
Preloading 0 native plugins for Editor in 0.00 ms.
Mono: successfully reloaded assembly
- Completed reload, in  0.805 seconds
Domain Reload Profiling:
	ReloadAssembly (805ms)
		BeginReloadAssembly (91ms)
			ExecutionOrderSort (0ms)
			DisableScriptedObjects (3ms)
			BackupInstance (0ms)
			ReleaseScriptingObjects (0ms)
			CreateAndSetChildDomain (29ms)
		EndReloadAssembly (664ms)
			LoadAssemblies (68ms)
			RebuildTransferFunctionScriptingTraits (0ms)
			SetupTypeCache (235ms)
			ReleaseScriptCaches (1ms)
			RebuildScriptCaches (36ms)
			SetupLoadedEditorAssemblies (243ms)
				LogAssemblyErrors (0ms)
				InitializePlatformSupportModulesInManaged (4ms)
				SetLoadedEditorAssemblies (0ms)
				RefreshPlugins (0ms)
				BeforeProcessingInitializeOnLoad (64ms)
				ProcessInitializeOnLoadAttributes (168ms)
				ProcessInitializeOnLoadMethodAttributes (3ms)
				AfterProcessingInitializeOnLoad (2ms)
				EditorAssembliesLoaded (0ms)
			ExecutionOrderSort2 (0ms)
			AwakeInstancesAfterBackupRestoration (6ms)
Platform modules already initialized, skipping
Refreshing native plugins compatible for Editor in 0.28 ms, found 2 plugins.
Preloading 0 native plugins for Editor in 0.00 ms.
Unloading 1393 Unused Serialized files (Serialized files now loaded: 0)
System memory in use before: 82.0 MB.
System memory in use after: 82.1 MB.

Unloading 11 unused Assets to reduce memory usage. Loaded Objects now: 1891.
Total: 2.703500 ms (FindLiveObjects: 0.144100 ms CreateObjectMapping: 0.036000 ms MarkObjects: 2.507000 ms  DeleteObjects: 0.015700 ms)

AssetImportParameters requested are different than current active one (requested -> active):
  custom:framework-win-MediaFoundation: 216162199b28c13a410421893ffa2e32 -> 
  custom:video-decoder-ogg-theora: a1e56fd34408186e4bbccfd4996cb3dc -> 
  custom:container-muxer-webm: aa71ff27fc2769a1b78a27578f13a17b -> 
  custom:container-demuxer-webm: 4f35f7cbe854078d1ac9338744f61a02 -> 
  custom:container-demuxer-ogg: 62fdf1f143b41e24485cea50d1cbac27 -> 
  custom:video-encoder-webm-vp8: eb34c28f22e8b96e1ab97ce403110664 -> 
  custom:video-codec-MediaFoundation-h265: 746d11721c4dcdbdad8f713fa42b33f4 -> 
  custom:video-decoder-webm-vp8: 9c59270c3fd7afecdb556c50c9e8de78 -> 
  custom:audio-decoder-ogg-vorbis: bf7c407c2cedff20999df2af8eb42d56 -> 
  custom:audio-encoder-webm-vorbis: bf7c407c2cedff20999df2af8eb42d56 -> 
========================================================================
Received Prepare
Registering precompiled user dll's ...
Registered in 0.001510 seconds.
Begin MonoManager ReloadAssembly
Native extension for WindowsStandalone target not found
Refreshing native plugins compatible for Editor in 0.29 ms, found 2 plugins.
Preloading 0 native plugins for Editor in 0.00 ms.
Mono: successfully reloaded assembly
- Completed reload, in  0.862 seconds
Domain Reload Profiling:
	ReloadAssembly (863ms)
		BeginReloadAssembly (106ms)
			ExecutionOrderSort (0ms)
			DisableScriptedObjects (4ms)
			BackupInstance (0ms)
			ReleaseScriptingObjects (0ms)
			CreateAndSetChildDomain (30ms)
		EndReloadAssembly (696ms)
			LoadAssemblies (81ms)
			RebuildTransferFunctionScriptingTraits (0ms)
			SetupTypeCache (250ms)
			ReleaseScriptCaches (1ms)
			RebuildScriptCaches (34ms)
			SetupLoadedEditorAssemblies (252ms)
				LogAssemblyErrors (0ms)
				InitializePlatformSupportModulesInManaged (5ms)
				SetLoadedEditorAssemblies (0ms)
				RefreshPlugins (0ms)
				BeforeProcessingInitializeOnLoad (73ms)
				ProcessInitializeOnLoadAttributes (168ms)
				ProcessInitializeOnLoadMethodAttributes (4ms)
				AfterProcessingInitializeOnLoad (2ms)
				EditorAssembliesLoaded (0ms)
			ExecutionOrderSort2 (0ms)
			AwakeInstancesAfterBackupRestoration (6ms)
Platform modules already initialized, skipping
Refreshing native plugins compatible for Editor in 0.27 ms, found 2 plugins.
Preloading 0 native plugins for Editor in 0.00 ms.
Unloading 1393 Unused Serialized files (Serialized files now loaded: 0)
System memory in use before: 82.0 MB.
System memory in use after: 82.1 MB.

Unloading 11 unused Assets to reduce memory usage. Loaded Objects now: 1893.
Total: 2.490600 ms (FindLiveObjects: 0.148000 ms CreateObjectMapping: 0.041700 ms MarkObjects: 2.288000 ms  DeleteObjects: 0.012300 ms)

AssetImportParameters requested are different than current active one (requested -> active):
  custom:framework-win-MediaFoundation: 216162199b28c13a410421893ffa2e32 -> 
  custom:video-decoder-ogg-theora: a1e56fd34408186e4bbccfd4996cb3dc -> 
  custom:container-muxer-webm: aa71ff27fc2769a1b78a27578f13a17b -> 
  custom:container-demuxer-webm: 4f35f7cbe854078d1ac9338744f61a02 -> 
  custom:container-demuxer-ogg: 62fdf1f143b41e24485cea50d1cbac27 -> 
  custom:video-encoder-webm-vp8: eb34c28f22e8b96e1ab97ce403110664 -> 
  custom:video-codec-MediaFoundation-h265: 746d11721c4dcdbdad8f713fa42b33f4 -> 
  custom:video-decoder-webm-vp8: 9c59270c3fd7afecdb556c50c9e8de78 -> 
  custom:audio-decoder-ogg-vorbis: bf7c407c2cedff20999df2af8eb42d56 -> 
  custom:audio-encoder-webm-vorbis: bf7c407c2cedff20999df2af8eb42d56 -> 
========================================================================
Received Prepare
Registering precompiled user dll's ...
Registered in 0.001885 seconds.
Begin MonoManager ReloadAssembly
Native extension for WindowsStandalone target not found
Refreshing native plugins compatible for Editor in 0.28 ms, found 2 plugins.
Preloading 0 native plugins for Editor in 0.00 ms.
Mono: successfully reloaded assembly
- Completed reload, in  0.860 seconds
Domain Reload Profiling:
	ReloadAssembly (861ms)
		BeginReloadAssembly (94ms)
			ExecutionOrderSort (0ms)
			DisableScriptedObjects (4ms)
			BackupInstance (0ms)
			ReleaseScriptingObjects (0ms)
			CreateAndSetChildDomain (30ms)
		EndReloadAssembly (712ms)
			LoadAssemblies (72ms)
			RebuildTransferFunctionScriptingTraits (0ms)
			SetupTypeCache (257ms)
			ReleaseScriptCaches (1ms)
			RebuildScriptCaches (34ms)
			SetupLoadedEditorAssemblies (259ms)
				LogAssemblyErrors (0ms)
				InitializePlatformSupportModulesInManaged (4ms)
				SetLoadedEditorAssemblies (0ms)
				RefreshPlugins (0ms)
				BeforeProcessingInitializeOnLoad (60ms)
				ProcessInitializeOnLoadAttributes (187ms)
				ProcessInitializeOnLoadMethodAttributes (4ms)
				AfterProcessingInitializeOnLoad (2ms)
				EditorAssembliesLoaded (0ms)
			ExecutionOrderSort2 (0ms)
			AwakeInstancesAfterBackupRestoration (6ms)
Platform modules already initialized, skipping
Refreshing native plugins compatible for Editor in 0.29 ms, found 2 plugins.
Preloading 0 native plugins for Editor in 0.00 ms.
Unloading 1393 Unused Serialized files (Serialized files now loaded: 0)
System memory in use before: 82.0 MB.
System memory in use after: 82.1 MB.

Unloading 11 unused Assets to reduce memory usage. Loaded Objects now: 1895.
Total: 2.772500 ms (FindLiveObjects: 0.170600 ms CreateObjectMapping: 0.040900 ms MarkObjects: 2.540100 ms  DeleteObjects: 0.019900 ms)

AssetImportParameters requested are different than current active one (requested -> active):
  custom:framework-win-MediaFoundation: 216162199b28c13a410421893ffa2e32 -> 
  custom:video-decoder-ogg-theora: a1e56fd34408186e4bbccfd4996cb3dc -> 
  custom:container-muxer-webm: aa71ff27fc2769a1b78a27578f13a17b -> 
  custom:container-demuxer-webm: 4f35f7cbe854078d1ac9338744f61a02 -> 
  custom:container-demuxer-ogg: 62fdf1f143b41e24485cea50d1cbac27 -> 
  custom:video-encoder-webm-vp8: eb34c28f22e8b96e1ab97ce403110664 -> 
  custom:video-codec-MediaFoundation-h265: 746d11721c4dcdbdad8f713fa42b33f4 -> 
  custom:video-decoder-webm-vp8: 9c59270c3fd7afecdb556c50c9e8de78 -> 
  custom:audio-decoder-ogg-vorbis: bf7c407c2cedff20999df2af8eb42d56 -> 
  custom:audio-encoder-webm-vorbis: bf7c407c2cedff20999df2af8eb42d56 -> 
========================================================================
Received Prepare
Registering precompiled user dll's ...
Registered in 0.001456 seconds.
Begin MonoManager ReloadAssembly
Native extension for WindowsStandalone target not found
Refreshing native plugins compatible for Editor in 0.29 ms, found 2 plugins.
Preloading 0 native plugins for Editor in 0.00 ms.
Mono: successfully reloaded assembly
- Completed reload, in  0.828 seconds
Domain Reload Profiling:
	ReloadAssembly (828ms)
		BeginReloadAssembly (95ms)
			ExecutionOrderSort (0ms)
			DisableScriptedObjects (4ms)
			BackupInstance (0ms)
			ReleaseScriptingObjects (0ms)
			CreateAndSetChildDomain (31ms)
		EndReloadAssembly (681ms)
			LoadAssemblies (79ms)
			RebuildTransferFunctionScriptingTraits (0ms)
			SetupTypeCache (243ms)
			ReleaseScriptCaches (1ms)
			RebuildScriptCaches (41ms)
			SetupLoadedEditorAssemblies (230ms)
				LogAssemblyErrors (0ms)
				InitializePlatformSupportModulesInManaged (4ms)
				SetLoadedEditorAssemblies (0ms)
				RefreshPlugins (0ms)
				BeforeProcessingInitializeOnLoad (61ms)
				ProcessInitializeOnLoadAttributes (158ms)
				ProcessInitializeOnLoadMethodAttributes (3ms)
				AfterProcessingInitializeOnLoad (2ms)
				EditorAssembliesLoaded (0ms)
			ExecutionOrderSort2 (0ms)
			AwakeInstancesAfterBackupRestoration (6ms)
Platform modules already initialized, skipping
Refreshing native plugins compatible for Editor in 0.25 ms, found 2 plugins.
Preloading 0 native plugins for Editor in 0.00 ms.
Unloading 1393 Unused Serialized files (Serialized files now loaded: 0)
System memory in use before: 82.0 MB.
System memory in use after: 82.1 MB.

Unloading 11 unused Assets to reduce memory usage. Loaded Objects now: 1897.
Total: 2.383400 ms (FindLiveObjects: 0.131900 ms CreateObjectMapping: 0.037100 ms MarkObjects: 2.201300 ms  DeleteObjects: 0.012500 ms)

AssetImportParameters requested are different than current active one (requested -> active):
  custom:framework-win-MediaFoundation: 216162199b28c13a410421893ffa2e32 -> 
  custom:video-decoder-ogg-theora: a1e56fd34408186e4bbccfd4996cb3dc -> 
  custom:container-muxer-webm: aa71ff27fc2769a1b78a27578f13a17b -> 
  custom:container-demuxer-webm: 4f35f7cbe854078d1ac9338744f61a02 -> 
  custom:container-demuxer-ogg: 62fdf1f143b41e24485cea50d1cbac27 -> 
  custom:video-encoder-webm-vp8: eb34c28f22e8b96e1ab97ce403110664 -> 
  custom:video-codec-MediaFoundation-h265: 746d11721c4dcdbdad8f713fa42b33f4 -> 
  custom:video-decoder-webm-vp8: 9c59270c3fd7afecdb556c50c9e8de78 -> 
  custom:audio-decoder-ogg-vorbis: bf7c407c2cedff20999df2af8eb42d56 -> 
  custom:audio-encoder-webm-vorbis: bf7c407c2cedff20999df2af8eb42d56 -> 
AssetImportWorkerClient::OnTransportError - code=2 error=End of file
